<?xml version="1.0" encoding="UTF-8"?>
<robot generator="Robot 3.1.2 (Python 3.8.2 on win32)" generated="20200405 05:28:47.467" rpa="false">
<suite id="s1" name="RobotTest" source="D:\Workspaces\eclipse_04042020\RobotTest">
<suite id="s1-s1" name="Test" source="D:\Workspaces\eclipse_04042020\RobotTest\test">
<suite id="s1-s1-s1" name="TestSuite1" source="D:\Workspaces\eclipse_04042020\RobotTest\test\TestSuite1.robot">
<test id="s1-s1-s1-t1" name="SampleLoginTest">
<kw name="Open Browser" library="SeleniumLibrary">
<doc>Opens a new browser instance to the optional ``url``.</doc>
<arguments>
<arg>${URL}</arg>
<arg>chrome</arg>
</arguments>
<msg timestamp="20200405 05:28:47.770" level="INFO">Opening browser 'chrome' to base url 'https://opensource-demo.orangehrmlive.com/'.</msg>
<status status="PASS" starttime="20200405 05:28:47.769" endtime="20200405 05:29:07.830"></status>
</kw>
<kw name="Set Browser Implicit Wait" library="SeleniumLibrary">
<doc>Sets the implicit wait value used by Selenium.</doc>
<arguments>
<arg>5</arg>
</arguments>
<status status="PASS" starttime="20200405 05:29:07.831" endtime="20200405 05:29:07.833"></status>
</kw>
<kw name="Input Text" library="SeleniumLibrary">
<doc>Types the given ``text`` into the text field identified by ``locator``.</doc>
<arguments>
<arg>id=txtUsername</arg>
<arg>@{CRED}[0]</arg>
</arguments>
<msg timestamp="20200405 05:29:07.834" level="INFO">Typing text 'Admin' into text field 'id=txtUsername'.</msg>
<status status="PASS" starttime="20200405 05:29:07.833" endtime="20200405 05:29:07.953"></status>
</kw>
<kw name="Input Password" library="SeleniumLibrary">
<doc>Types the given password into the text field identified by ``locator``.</doc>
<arguments>
<arg>id=txtPassword</arg>
<arg>&amp;{CRED1}[password]</arg>
</arguments>
<msg timestamp="20200405 05:29:07.954" level="INFO">Typing password into text field 'id=txtPassword'.</msg>
<msg timestamp="20200405 05:29:08.011" level="INFO">Temporally setting log level to: NONE</msg>
<msg timestamp="20200405 05:29:08.075" level="INFO">Log level changed from NONE to INFO.</msg>
<status status="PASS" starttime="20200405 05:29:07.953" endtime="20200405 05:29:08.075"></status>
</kw>
<kw name="Click Button" library="SeleniumLibrary">
<doc>Clicks the button identified by ``locator``.</doc>
<arguments>
<arg>id=btnLogin</arg>
</arguments>
<msg timestamp="20200405 05:29:08.076" level="INFO">Clicking button 'id=btnLogin'.</msg>
<status status="PASS" starttime="20200405 05:29:08.076" endtime="20200405 05:29:24.142"></status>
</kw>
<kw name="Click Element" library="SeleniumLibrary">
<doc>Click the element identified by ``locator``.</doc>
<arguments>
<arg>id=welcome</arg>
</arguments>
<msg timestamp="20200405 05:29:24.144" level="INFO">Clicking element 'id=welcome'.</msg>
<status status="PASS" starttime="20200405 05:29:24.143" endtime="20200405 05:29:24.275"></status>
</kw>
<kw name="Click Element" library="SeleniumLibrary">
<doc>Click the element identified by ``locator``.</doc>
<arguments>
<arg>link=Logout</arg>
</arguments>
<msg timestamp="20200405 05:29:24.277" level="INFO">Clicking element 'link=Logout'.</msg>
<status status="PASS" starttime="20200405 05:29:24.276" endtime="20200405 05:29:27.096"></status>
</kw>
<kw name="Close Browser" library="SeleniumLibrary">
<doc>Closes the current browser.</doc>
<status status="PASS" starttime="20200405 05:29:27.097" endtime="20200405 05:29:29.232"></status>
</kw>
<kw name="Log" library="BuiltIn">
<doc>Logs the given message with the given level.</doc>
<arguments>
<arg>Test completed</arg>
</arguments>
<msg timestamp="20200405 05:29:29.233" level="INFO">Test completed</msg>
<status status="PASS" starttime="20200405 05:29:29.232" endtime="20200405 05:29:29.233"></status>
</kw>
<kw name="Log" library="BuiltIn">
<doc>Logs the given message with the given level.</doc>
<arguments>
<arg>This test was executed by %{username} on %{os}</arg>
</arguments>
<msg timestamp="20200405 05:29:29.234" level="INFO">This test was executed by Premal on Windows_NT</msg>
<status status="PASS" starttime="20200405 05:29:29.234" endtime="20200405 05:29:29.234"></status>
</kw>
<doc>This is the sample loginTest.</doc>
<status status="PASS" starttime="20200405 05:28:47.768" endtime="20200405 05:29:29.235" critical="yes"></status>
</test>
<status status="PASS" starttime="20200405 05:28:47.541" endtime="20200405 05:29:29.236"></status>
</suite>
<status status="PASS" starttime="20200405 05:28:47.539" endtime="20200405 05:29:29.238"></status>
</suite>
<status status="PASS" starttime="20200405 05:28:47.507" endtime="20200405 05:29:29.240"></status>
</suite>
<statistics>
<total>
<stat pass="1" fail="0">Critical Tests</stat>
<stat pass="1" fail="0">All Tests</stat>
</total>
<tag>
</tag>
<suite>
<stat pass="1" fail="0" id="s1" name="RobotTest">RobotTest</stat>
<stat pass="1" fail="0" id="s1-s1" name="Test">RobotTest.Test</stat>
<stat pass="1" fail="0" id="s1-s1-s1" name="TestSuite1">RobotTest.Test.TestSuite1</stat>
</suite>
</statistics>
<errors>
</errors>
</robot>
